<?xml version="1.0" encoding="UTF-8"?>
<!-- Generated by org.testng.reporters.JUnitReportReporter -->
<testsuite hostname="MSI" failures="0" tests="13" name="smartdevice.tests.BulbTests" time="6.430" errors="0" timestamp="2021-06-24T11:11:36 IST" skipped="0">
  <testcase classname="smartdevice.tests.BulbTests" name="deviceConnectTest" time="0.192"/>
  <system-out/>
  <testcase classname="smartdevice.tests.BulbTests" name="stateConnectedTest" time="0.162"/>
  <system-out/>
  <testcase classname="smartdevice.tests.BulbTests" name="stateDisconnectedTest" time="0.189"/>
  <system-out/>
  <testcase classname="smartdevice.tests.BulbTests" name="nameConnectedTest" time="0.203"/>
  <system-out/>
  <testcase classname="smartdevice.tests.BulbTests" name="invalidcolorTest" time="0.256"/>
  <system-out/>
  <testcase classname="smartdevice.tests.BulbTests" name="brightnessConnectedTest" time="0.347"/>
  <system-out/>
  <testcase classname="smartdevice.tests.BulbTests" name="colorDisconnectedTest" time="0.264"/>
  <system-out/>
  <testcase classname="smartdevice.tests.BulbTests" name="deviceConnectInvalidTest" time="3.723"/>
  <system-out/>
  <testcase classname="smartdevice.tests.BulbTests" name="listBulbsTest" time="0.278"/>
  <system-out/>
  <testcase classname="smartdevice.tests.BulbTests" name="nameDisconnectedTest" time="0.170"/>
  <system-out/>
  <testcase classname="smartdevice.tests.BulbTests" name="colorConnectedTest" time="0.221"/>
  <system-out/>
  <testcase classname="smartdevice.tests.BulbTests" name="invalidBrightnessTest" time="0.185"/>
  <system-out/>
  <testcase classname="smartdevice.tests.BulbTests" name="brightnessDisconnectedTest" time="0.240"/>
  <system-out/>
</testsuite> <!-- smartdevice.tests.BulbTests -->
